<?xml version="1.0" encoding="UTF-8"?>
<testsuite name="QuantityMeasurementTest" tests="1" skipped="0" failures="0" errors="0" timestamp="2020-04-10T13:17:15" hostname="blackhawkkk" time="0.002">
  <properties/>
  <testcase name="givenSameReferenceOfInch_shouldReturnEqualFalse" classname="QuantityMeasurementTest" time="0.002"/>
  <system-out><![CDATA[]]></system-out>
  <system-err><![CDATA[]]></system-err>
</testsuite>
