<?xml version="1.0" encoding="UTF-8"?>
<testsuite name="QuantityMeasurementTest" tests="1" skipped="0" failures="0" errors="0" timestamp="2020-04-10T09:14:12" hostname="blackhawkkk" time="0.003">
  <properties/>
  <testcase name="givenValueCheckOfFeet_shouldReturnEqualOperatorUseFalse" classname="QuantityMeasurementTest" time="0.003"/>
  <system-out><![CDATA[]]></system-out>
  <system-err><![CDATA[]]></system-err>
</testsuite>
