<?xml version="1.0" encoding="UTF-8"?>
<testsuite name="QuantityMeasurementTest" tests="1" skipped="0" failures="0" errors="0" timestamp="2020-04-10T12:41:47" hostname="blackhawkkk" time="0.004">
  <properties/>
  <testcase name="toCheckInchValuetheEqualValueTrue" classname="QuantityMeasurementTest" time="0.004"/>
  <system-out><![CDATA[]]></system-out>
  <system-err><![CDATA[]]></system-err>
</testsuite>
